Compiled jquery.js  (2ms)  (pid 61808)
Compiled jquery_ujs.js  (0ms)  (pid 61808)
Compiled twitter/bootstrap/bootstrap-transition.js  (0ms)  (pid 61808)
Compiled twitter/bootstrap/bootstrap-alert.js  (0ms)  (pid 61808)
Compiled twitter/bootstrap/bootstrap-modal.js  (0ms)  (pid 61808)
Compiled twitter/bootstrap/bootstrap-dropdown.js  (0ms)  (pid 61808)
Compiled twitter/bootstrap/bootstrap-scrollspy.js  (0ms)  (pid 61808)
Compiled twitter/bootstrap/bootstrap-tab.js  (0ms)  (pid 61808)
Compiled twitter/bootstrap/bootstrap-tooltip.js  (0ms)  (pid 61808)
Compiled twitter/bootstrap/bootstrap-popover.js  (0ms)  (pid 61808)
Compiled twitter/bootstrap/bootstrap-button.js  (0ms)  (pid 61808)
Compiled twitter/bootstrap/bootstrap-collapse.js  (0ms)  (pid 61808)
Compiled twitter/bootstrap/bootstrap-carousel.js  (0ms)  (pid 61808)
Compiled twitter/bootstrap/bootstrap-typeahead.js  (0ms)  (pid 61808)
Compiled twitter/bootstrap/bootstrap-affix.js  (0ms)  (pid 61808)
Compiled twitter/bootstrap.js  (124ms)  (pid 61808)
Compiled underscore.js  (0ms)  (pid 61808)
Compiled backbone.js  (0ms)  (pid 61808)
Compiled vino.js  (0ms)  (pid 61808)
Compiled models/query.js  (0ms)  (pid 61808)
Compiled models/vine.js  (0ms)  (pid 61808)
Compiled collections/queries.js  (0ms)  (pid 61808)
Compiled collections/vines.js  (0ms)  (pid 61808)
Compiled views/index_queries_view.js  (0ms)  (pid 61808)
Compiled views/main_view.js  (0ms)  (pid 61808)
Compiled views/results_view.js  (0ms)  (pid 61808)
Compiled views/show_results.js  (0ms)  (pid 61808)
Compiled routers/queries_router.js  (0ms)  (pid 61808)
Compiled main/index.js  (0ms)  (pid 61808)
Compiled queries/index.js  (0ms)  (pid 61808)
Compiled queries/show.js  (0ms)  (pid 61808)
Compiled results/index.js  (0ms)  (pid 61808)
Compiled bootstrap.js  (382ms)  (pid 61808)
Compiled jquery.xdomainajax.js  (0ms)  (pid 61808)
Compiled queries.js  (154ms)  (pid 61808)
Compiled spin.min.js  (0ms)  (pid 61808)
Compiled application.js  (878ms)  (pid 61808)
Compiled twitter-bootstrap-static/bootstrap.css  (57ms)  (pid 61808)
Compiled twitter-bootstrap-static/fontawesome.css  (28ms)  (pid 61808)
Compiled bootstrap_and_overrides.css  (109ms)  (pid 61808)
Compiled queries.css  (19ms)  (pid 61808)
Compiled application.css  (140ms)  (pid 61808)
Compiled jquery.js  (2ms)  (pid 61808)
Compiled jquery_ujs.js  (0ms)  (pid 61808)
Compiled twitter/bootstrap/bootstrap-transition.js  (0ms)  (pid 61808)
Compiled twitter/bootstrap/bootstrap-alert.js  (0ms)  (pid 61808)
Compiled twitter/bootstrap/bootstrap-modal.js  (0ms)  (pid 61808)
Compiled twitter/bootstrap/bootstrap-dropdown.js  (0ms)  (pid 61808)
Compiled twitter/bootstrap/bootstrap-scrollspy.js  (0ms)  (pid 61808)
Compiled twitter/bootstrap/bootstrap-tab.js  (0ms)  (pid 61808)
Compiled twitter/bootstrap/bootstrap-tooltip.js  (0ms)  (pid 61808)
Compiled twitter/bootstrap/bootstrap-popover.js  (0ms)  (pid 61808)
Compiled twitter/bootstrap/bootstrap-button.js  (0ms)  (pid 61808)
Compiled twitter/bootstrap/bootstrap-collapse.js  (0ms)  (pid 61808)
Compiled twitter/bootstrap/bootstrap-carousel.js  (0ms)  (pid 61808)
Compiled twitter/bootstrap/bootstrap-typeahead.js  (0ms)  (pid 61808)
Compiled twitter/bootstrap/bootstrap-affix.js  (0ms)  (pid 61808)
Compiled twitter/bootstrap.js  (115ms)  (pid 61808)
Compiled underscore.js  (0ms)  (pid 61808)
Compiled backbone.js  (0ms)  (pid 61808)
Compiled vino.js  (0ms)  (pid 61808)
Compiled models/query.js  (0ms)  (pid 61808)
Compiled models/vine.js  (0ms)  (pid 61808)
Compiled collections/queries.js  (0ms)  (pid 61808)
Compiled collections/vines.js  (0ms)  (pid 61808)
Compiled views/index_queries_view.js  (0ms)  (pid 61808)
Compiled views/main_view.js  (0ms)  (pid 61808)
Compiled views/results_view.js  (0ms)  (pid 61808)
Compiled views/show_results.js  (0ms)  (pid 61808)
Compiled routers/queries_router.js  (0ms)  (pid 61808)
Compiled main/index.js  (0ms)  (pid 61808)
Compiled queries/index.js  (0ms)  (pid 61808)
Compiled queries/show.js  (0ms)  (pid 61808)
Compiled results/index.js  (0ms)  (pid 61808)
Compiled bootstrap.js  (205ms)  (pid 61808)
Compiled jquery.xdomainajax.js  (0ms)  (pid 61808)
Compiled queries.js  (156ms)  (pid 61808)
Compiled spin.min.js  (0ms)  (pid 61808)
Compiled application.js  (706ms)  (pid 61808)
Compiled twitter-bootstrap-static/bootstrap.css  (59ms)  (pid 61808)
Compiled twitter-bootstrap-static/fontawesome.css  (17ms)  (pid 61808)
Compiled bootstrap_and_overrides.css  (92ms)  (pid 61808)
Compiled queries.css  (11ms)  (pid 61808)
Compiled application.css  (114ms)  (pid 61808)
